1742296443198	geckodriver	INFO	Listening on 127.0.0.1:54318
1742296446253	mozrunner::runner	INFO	Running command: "C:\\Program Files\\Mozilla Firefox\\firefox.exe" "--marionette" "--remote-debugging-port" "54319" "--remote-allow-hosts" "localhost" "-no-remote" "-profile" "C:\\Users\\marci\\AppData\\Local\\Temp\\rust_mozprofileRBo4Ft"
console.warn: services.settings: Ignoring preference override of remote settings server
console.warn: services.settings: Allow by setting MOZ_REMOTE_SETTINGS_DEVTOOLS=1 in the environment
Dynamically enable window occlusion 0
1742296446512	Marionette	INFO	Marionette enabled
1742296446614	Marionette	INFO	Listening on port 54334
WebDriver BiDi listening on ws://127.0.0.1:54319
Read port: 54334
1742296446738	RemoteAgent	WARN	TLS certificate errors will be ignored for this session
DevTools listening on ws://127.0.0.1:54319/devtools/browser/f545124e-98f2-412d-8b02-1cb577093478
JavaScript error: https://czarnijaslo.pl/wp-content/plugins/auto-refresh-post-page/public/js/auto-refresh-post-page-public.js?ver=1.0.0, line 1: TypeError: $ is not a function
JavaScript warning: https://www.google.com/js/th/mVzi90WQBqTxXW8SFZF27mbog5kZt0_0aNU2JWRW0co.js, line 769: unreachable code after return statement
JavaScript warning: https://www.google.com/js/th/mVzi90WQBqTxXW8SFZF27mbog5kZt0_0aNU2JWRW0co.js, line 769: unreachable code after return statement
JavaScript warning: https://www.google.com/js/th/mVzi90WQBqTxXW8SFZF27mbog5kZt0_0aNU2JWRW0co.js, line 769: unreachable code after return statement
JavaScript warning: https://www.google.com/js/th/mVzi90WQBqTxXW8SFZF27mbog5kZt0_0aNU2JWRW0co.js, line 769: unreachable code after return statement
JavaScript warning: https://www.google.com/js/th/mVzi90WQBqTxXW8SFZF27mbog5kZt0_0aNU2JWRW0co.js, line 769: unreachable code after return statement
JavaScript warning: https://www.google.com/js/th/mVzi90WQBqTxXW8SFZF27mbog5kZt0_0aNU2JWRW0co.js, line 769: unreachable code after return statement
JavaScript warning: https://www.google.com/js/th/mVzi90WQBqTxXW8SFZF27mbog5kZt0_0aNU2JWRW0co.js, line 769: unreachable code after return statement
JavaScript warning: https://www.google.com/js/th/mVzi90WQBqTxXW8SFZF27mbog5kZt0_0aNU2JWRW0co.js, line 769: unreachable code after return statement
JavaScript warning: https://www.google.com/js/th/mVzi90WQBqTxXW8SFZF27mbog5kZt0_0aNU2JWRW0co.js, line 769: unreachable code after return statement
JavaScript warning: https://www.google.com/js/th/mVzi90WQBqTxXW8SFZF27mbog5kZt0_0aNU2JWRW0co.js line 2 > eval, line 769: unreachable code after return statement
JavaScript warning: https://www.google.com/js/th/mVzi90WQBqTxXW8SFZF27mbog5kZt0_0aNU2JWRW0co.js line 2 > eval, line 769: unreachable code after return statement
JavaScript warning: https://www.google.com/js/th/mVzi90WQBqTxXW8SFZF27mbog5kZt0_0aNU2JWRW0co.js line 2 > eval, line 769: unreachable code after return statement
JavaScript warning: https://www.google.com/js/th/mVzi90WQBqTxXW8SFZF27mbog5kZt0_0aNU2JWRW0co.js line 2 > eval, line 769: unreachable code after return statement
JavaScript warning: https://www.google.com/js/th/mVzi90WQBqTxXW8SFZF27mbog5kZt0_0aNU2JWRW0co.js line 2 > eval, line 769: unreachable code after return statement
JavaScript warning: https://www.google.com/js/th/mVzi90WQBqTxXW8SFZF27mbog5kZt0_0aNU2JWRW0co.js line 2 > eval line 769 > eval, line 1: unreachable code after return statement
JavaScript warning: https://www.google.com/js/th/mVzi90WQBqTxXW8SFZF27mbog5kZt0_0aNU2JWRW0co.js line 2 > eval line 769 > eval line 1 > eval, line 1: unreachable code after return statement
JavaScript warning: https://www.google.com/js/th/mVzi90WQBqTxXW8SFZF27mbog5kZt0_0aNU2JWRW0co.js line 2 > eval line 769 > eval, line 1: unreachable code after return statement
JavaScript warning: https://www.google.com/js/th/mVzi90WQBqTxXW8SFZF27mbog5kZt0_0aNU2JWRW0co.js line 2 > eval line 769 > eval line 1 > eval, line 1: unreachable code after return statement
JavaScript warning: https://www.google.com/js/th/mVzi90WQBqTxXW8SFZF27mbog5kZt0_0aNU2JWRW0co.js line 2 > eval line 769 > eval, line 1: unreachable code after return statement
JavaScript warning: https://www.google.com/js/th/mVzi90WQBqTxXW8SFZF27mbog5kZt0_0aNU2JWRW0co.js line 2 > eval line 769 > eval line 1 > eval, line 1: unreachable code after return statement
JavaScript warning: https://www.google.com/js/th/mVzi90WQBqTxXW8SFZF27mbog5kZt0_0aNU2JWRW0co.js line 2 > eval line 769 > eval, line 1: unreachable code after return statement
JavaScript warning: https://www.google.com/js/th/mVzi90WQBqTxXW8SFZF27mbog5kZt0_0aNU2JWRW0co.js line 2 > eval line 769 > eval line 1 > eval, line 1: unreachable code after return statement
JavaScript warning: https://www.google.com/js/th/mVzi90WQBqTxXW8SFZF27mbog5kZt0_0aNU2JWRW0co.js line 2 > eval, line 769: unreachable code after return statement
JavaScript warning: https://www.google.com/js/th/mVzi90WQBqTxXW8SFZF27mbog5kZt0_0aNU2JWRW0co.js line 2 > eval, line 769: unreachable code after return statement
JavaScript warning: https://www.google.com/js/th/mVzi90WQBqTxXW8SFZF27mbog5kZt0_0aNU2JWRW0co.js line 2 > eval, line 769: unreachable code after return statement
JavaScript warning: https://www.google.com/js/th/mVzi90WQBqTxXW8SFZF27mbog5kZt0_0aNU2JWRW0co.js line 2 > eval line 769 > eval line 1 > eval, line 1: unreachable code after return statement
JavaScript warning: https://www.google.com/js/th/mVzi90WQBqTxXW8SFZF27mbog5kZt0_0aNU2JWRW0co.js line 2 > eval line 769 > eval line 1 > eval, line 1: unreachable code after return statement
JavaScript warning: https://www.google.com/js/th/mVzi90WQBqTxXW8SFZF27mbog5kZt0_0aNU2JWRW0co.js line 2 > eval line 769 > eval line 1 > eval, line 1: unreachable code after return statement
JavaScript warning: https://www.google.com/js/th/mVzi90WQBqTxXW8SFZF27mbog5kZt0_0aNU2JWRW0co.js line 2 > eval line 769 > eval line 1 > eval, line 1: unreachable code after return statement
JavaScript warning: https://www.google.com/js/th/mVzi90WQBqTxXW8SFZF27mbog5kZt0_0aNU2JWRW0co.js line 2 > eval line 769 > eval line 1 > eval line 1 > eval, line 1: unreachable code after return statement
JavaScript warning: https://www.google.com/js/th/mVzi90WQBqTxXW8SFZF27mbog5kZt0_0aNU2JWRW0co.js line 2 > eval line 769 > eval line 1 > eval line 1 > eval, line 1: unreachable code after return statement
JavaScript warning: https://www.google.com/js/th/mVzi90WQBqTxXW8SFZF27mbog5kZt0_0aNU2JWRW0co.js line 2 > eval line 769 > eval line 1 > eval line 1 > eval, line 1: unreachable code after return statement
JavaScript warning: https://www.google.com/js/th/mVzi90WQBqTxXW8SFZF27mbog5kZt0_0aNU2JWRW0co.js line 2 > eval line 769 > eval line 1 > eval line 1 > eval, line 1: unreachable code after return statement
JavaScript warning: https://www.youtube.com/embed/SjiyPaIeWyc?autoplay=0&mute=0&enablejsapi=1&origin=https%3A%2F%2Fczarnijaslo.pl&widgetid=1&forigin=https%3A%2F%2Fczarnijaslo.pl%2F&aoriginsup=0&vf=1 line 857 > injectedScript, line 2684: unreachable code after return statement
JavaScript warning: https://www.youtube.com/embed/SjiyPaIeWyc?autoplay=0&mute=0&enablejsapi=1&origin=https%3A%2F%2Fczarnijaslo.pl&widgetid=1&forigin=https%3A%2F%2Fczarnijaslo.pl%2F&aoriginsup=0&vf=1 line 857 > injectedScript, line 2684: unreachable code after return statement
JavaScript warning: https://www.youtube.com/embed/SjiyPaIeWyc?autoplay=0&mute=0&enablejsapi=1&origin=https%3A%2F%2Fczarnijaslo.pl&widgetid=1&forigin=https%3A%2F%2Fczarnijaslo.pl%2F&aoriginsup=0&vf=1 line 857 > injectedScript, line 2684: unreachable code after return statement
JavaScript warning: https://www.youtube.com/embed/SjiyPaIeWyc?autoplay=0&mute=0&enablejsapi=1&origin=https%3A%2F%2Fczarnijaslo.pl&widgetid=1&forigin=https%3A%2F%2Fczarnijaslo.pl%2F&aoriginsup=0&vf=1 line 857 > injectedScript, line 2684: unreachable code after return statement
JavaScript warning: https://www.youtube.com/embed/SjiyPaIeWyc?autoplay=0&mute=0&enablejsapi=1&origin=https%3A%2F%2Fczarnijaslo.pl&widgetid=1&forigin=https%3A%2F%2Fczarnijaslo.pl%2F&aoriginsup=0&vf=1 line 857 > injectedScript, line 2684: unreachable code after return statement
JavaScript warning: https://www.youtube.com/embed/SjiyPaIeWyc?autoplay=0&mute=0&enablejsapi=1&origin=https%3A%2F%2Fczarnijaslo.pl&widgetid=1&forigin=https%3A%2F%2Fczarnijaslo.pl%2F&aoriginsup=0&vf=1 line 857 > injectedScript, line 2684: unreachable code after return statement
JavaScript warning: https://www.youtube.com/embed/SjiyPaIeWyc?autoplay=0&mute=0&enablejsapi=1&origin=https%3A%2F%2Fczarnijaslo.pl&widgetid=1&forigin=https%3A%2F%2Fczarnijaslo.pl%2F&aoriginsup=0&vf=1 line 857 > injectedScript, line 2684: unreachable code after return statement
JavaScript warning: https://www.youtube.com/embed/SjiyPaIeWyc?autoplay=0&mute=0&enablejsapi=1&origin=https%3A%2F%2Fczarnijaslo.pl&widgetid=1&forigin=https%3A%2F%2Fczarnijaslo.pl%2F&aoriginsup=0&vf=1 line 857 > injectedScript, line 2684: unreachable code after return statement
JavaScript warning: https://www.youtube.com/embed/SjiyPaIeWyc?autoplay=0&mute=0&enablejsapi=1&origin=https%3A%2F%2Fczarnijaslo.pl&widgetid=1&forigin=https%3A%2F%2Fczarnijaslo.pl%2F&aoriginsup=0&vf=1 line 857 > injectedScript, line 2684: unreachable code after return statement
JavaScript warning: https://www.youtube.com/embed/SjiyPaIeWyc?autoplay=0&mute=0&enablejsapi=1&origin=https%3A%2F%2Fczarnijaslo.pl&widgetid=1&forigin=https%3A%2F%2Fczarnijaslo.pl%2F&aoriginsup=0&vf=1 line 857 > injectedScript line 2 > eval, line 2684: unreachable code after return statement
JavaScript warning: https://www.youtube.com/embed/SjiyPaIeWyc?autoplay=0&mute=0&enablejsapi=1&origin=https%3A%2F%2Fczarnijaslo.pl&widgetid=1&forigin=https%3A%2F%2Fczarnijaslo.pl%2F&aoriginsup=0&vf=1 line 857 > injectedScript line 2 > eval, line 2684: unreachable code after return statement
JavaScript warning: https://www.youtube.com/embed/SjiyPaIeWyc?autoplay=0&mute=0&enablejsapi=1&origin=https%3A%2F%2Fczarnijaslo.pl&widgetid=1&forigin=https%3A%2F%2Fczarnijaslo.pl%2F&aoriginsup=0&vf=1 line 857 > injectedScript line 2 > eval, line 2684: unreachable code after return statement
JavaScript warning: https://www.youtube.com/embed/SjiyPaIeWyc?autoplay=0&mute=0&enablejsapi=1&origin=https%3A%2F%2Fczarnijaslo.pl&widgetid=1&forigin=https%3A%2F%2Fczarnijaslo.pl%2F&aoriginsup=0&vf=1 line 857 > injectedScript line 2 > eval, line 2684: unreachable code after return statement
JavaScript warning: https://www.youtube.com/embed/SjiyPaIeWyc?autoplay=0&mute=0&enablejsapi=1&origin=https%3A%2F%2Fczarnijaslo.pl&widgetid=1&forigin=https%3A%2F%2Fczarnijaslo.pl%2F&aoriginsup=0&vf=1 line 857 > injectedScript line 2 > eval, line 2684: unreachable code after return statement
JavaScript warning: https://www.youtube.com/embed/SjiyPaIeWyc?autoplay=0&mute=0&enablejsapi=1&origin=https%3A%2F%2Fczarnijaslo.pl&widgetid=1&forigin=https%3A%2F%2Fczarnijaslo.pl%2F&aoriginsup=0&vf=1 line 857 > injectedScript line 2 > eval, line 1: unreachable code after return statement
JavaScript warning: https://www.youtube.com/embed/SjiyPaIeWyc?autoplay=0&mute=0&enablejsapi=1&origin=https%3A%2F%2Fczarnijaslo.pl&widgetid=1&forigin=https%3A%2F%2Fczarnijaslo.pl%2F&aoriginsup=0&vf=1 line 857 > injectedScript line 2 > eval line 2684 > eval, line 1: unreachable code after return statement
JavaScript warning: https://www.youtube.com/embed/SjiyPaIeWyc?autoplay=0&mute=0&enablejsapi=1&origin=https%3A%2F%2Fczarnijaslo.pl&widgetid=1&forigin=https%3A%2F%2Fczarnijaslo.pl%2F&aoriginsup=0&vf=1 line 857 > injectedScript line 2 > eval, line 1: unreachable code after return statement
JavaScript warning: https://www.youtube.com/embed/SjiyPaIeWyc?autoplay=0&mute=0&enablejsapi=1&origin=https%3A%2F%2Fczarnijaslo.pl&widgetid=1&forigin=https%3A%2F%2Fczarnijaslo.pl%2F&aoriginsup=0&vf=1 line 857 > injectedScript line 2 > eval line 2684 > eval, line 1: unreachable code after return statement
JavaScript warning: https://www.youtube.com/embed/SjiyPaIeWyc?autoplay=0&mute=0&enablejsapi=1&origin=https%3A%2F%2Fczarnijaslo.pl&widgetid=1&forigin=https%3A%2F%2Fczarnijaslo.pl%2F&aoriginsup=0&vf=1 line 857 > injectedScript line 2 > eval, line 1: unreachable code after return statement
JavaScript warning: https://www.youtube.com/embed/SjiyPaIeWyc?autoplay=0&mute=0&enablejsapi=1&origin=https%3A%2F%2Fczarnijaslo.pl&widgetid=1&forigin=https%3A%2F%2Fczarnijaslo.pl%2F&aoriginsup=0&vf=1 line 857 > injectedScript line 2 > eval line 2684 > eval, line 1: unreachable code after return statement
JavaScript warning: https://www.youtube.com/embed/SjiyPaIeWyc?autoplay=0&mute=0&enablejsapi=1&origin=https%3A%2F%2Fczarnijaslo.pl&widgetid=1&forigin=https%3A%2F%2Fczarnijaslo.pl%2F&aoriginsup=0&vf=1 line 857 > injectedScript line 2 > eval, line 1: unreachable code after return statement
JavaScript warning: https://www.youtube.com/embed/SjiyPaIeWyc?autoplay=0&mute=0&enablejsapi=1&origin=https%3A%2F%2Fczarnijaslo.pl&widgetid=1&forigin=https%3A%2F%2Fczarnijaslo.pl%2F&aoriginsup=0&vf=1 line 857 > injectedScript line 2 > eval line 2684 > eval, line 1: unreachable code after return statement
JavaScript warning: https://www.youtube.com/embed/SjiyPaIeWyc?autoplay=0&mute=0&enablejsapi=1&origin=https%3A%2F%2Fczarnijaslo.pl&widgetid=1&forigin=https%3A%2F%2Fczarnijaslo.pl%2F&aoriginsup=0&vf=1 line 857 > injectedScript line 2 > eval, line 2684: unreachable code after return statement
JavaScript warning: https://www.youtube.com/embed/SjiyPaIeWyc?autoplay=0&mute=0&enablejsapi=1&origin=https%3A%2F%2Fczarnijaslo.pl&widgetid=1&forigin=https%3A%2F%2Fczarnijaslo.pl%2F&aoriginsup=0&vf=1 line 857 > injectedScript line 2 > eval, line 2684: unreachable code after return statement
JavaScript warning: https://www.youtube.com/embed/SjiyPaIeWyc?autoplay=0&mute=0&enablejsapi=1&origin=https%3A%2F%2Fczarnijaslo.pl&widgetid=1&forigin=https%3A%2F%2Fczarnijaslo.pl%2F&aoriginsup=0&vf=1 line 857 > injectedScript line 2 > eval, line 2684: unreachable code after return statement
JavaScript warning: https://www.youtube.com/embed/SjiyPaIeWyc?autoplay=0&mute=0&enablejsapi=1&origin=https%3A%2F%2Fczarnijaslo.pl&widgetid=1&forigin=https%3A%2F%2Fczarnijaslo.pl%2F&aoriginsup=0&vf=1 line 857 > injectedScript line 2 > eval line 2684 > eval line 1 > eval, line 1: unreachable code after return statement
JavaScript warning: https://www.youtube.com/embed/SjiyPaIeWyc?autoplay=0&mute=0&enablejsapi=1&origin=https%3A%2F%2Fczarnijaslo.pl&widgetid=1&forigin=https%3A%2F%2Fczarnijaslo.pl%2F&aoriginsup=0&vf=1 line 857 > injectedScript line 2 > eval line 2684 > eval line 1 > eval, line 1: unreachable code after return statement
JavaScript warning: https://www.youtube.com/embed/SjiyPaIeWyc?autoplay=0&mute=0&enablejsapi=1&origin=https%3A%2F%2Fczarnijaslo.pl&widgetid=1&forigin=https%3A%2F%2Fczarnijaslo.pl%2F&aoriginsup=0&vf=1 line 857 > injectedScript line 2 > eval line 2684 > eval line 1 > eval, line 1: unreachable code after return statement
JavaScript warning: https://www.youtube.com/embed/SjiyPaIeWyc?autoplay=0&mute=0&enablejsapi=1&origin=https%3A%2F%2Fczarnijaslo.pl&widgetid=1&forigin=https%3A%2F%2Fczarnijaslo.pl%2F&aoriginsup=0&vf=1 line 857 > injectedScript line 2 > eval line 2684 > eval line 1 > eval, line 1: unreachable code after return statement
JavaScript warning: https://www.youtube.com/embed/SjiyPaIeWyc?autoplay=0&mute=0&enablejsapi=1&origin=https%3A%2F%2Fczarnijaslo.pl&widgetid=1&forigin=https%3A%2F%2Fczarnijaslo.pl%2F&aoriginsup=0&vf=1 line 857 > injectedScript line 2 > eval line 2684 > eval line 1 > eval line 1 > eval, line 1: unreachable code after return statement
JavaScript warning: https://www.youtube.com/embed/SjiyPaIeWyc?autoplay=0&mute=0&enablejsapi=1&origin=https%3A%2F%2Fczarnijaslo.pl&widgetid=1&forigin=https%3A%2F%2Fczarnijaslo.pl%2F&aoriginsup=0&vf=1 line 857 > injectedScript line 2 > eval line 2684 > eval line 1 > eval line 1 > eval, line 1: unreachable code after return statement
JavaScript warning: https://www.youtube.com/embed/SjiyPaIeWyc?autoplay=0&mute=0&enablejsapi=1&origin=https%3A%2F%2Fczarnijaslo.pl&widgetid=1&forigin=https%3A%2F%2Fczarnijaslo.pl%2F&aoriginsup=0&vf=1 line 857 > injectedScript line 2 > eval line 2684 > eval line 1 > eval line 1 > eval, line 1: unreachable code after return statement
JavaScript warning: https://www.youtube.com/embed/SjiyPaIeWyc?autoplay=0&mute=0&enablejsapi=1&origin=https%3A%2F%2Fczarnijaslo.pl&widgetid=1&forigin=https%3A%2F%2Fczarnijaslo.pl%2F&aoriginsup=0&vf=1 line 857 > injectedScript line 2 > eval line 2684 > eval line 1 > eval line 1 > eval, line 1: unreachable code after return statement
JavaScript error: https://czarnijaslo.pl/wp-content/plugins/auto-refresh-post-page/public/js/auto-refresh-post-page-public.js?ver=1.0.0, line 1: TypeError: $ is not a function
JavaScript warning: https://www.youtube.com/s/player/7d1d50a6/www-embed-player.vflset/www-embed-player.js, line 925: Script terminated by timeout at:
Ul/<@https://www.youtube.com/s/player/7d1d50a6/www-embed-player.vflset/www-embed-player.js:925:47

JavaScript error: https://czarnijaslo.pl/wp-content/plugins/auto-refresh-post-page/public/js/auto-refresh-post-page-public.js?ver=1.0.0, line 1: TypeError: $ is not a function
1742296456726	Marionette	INFO	Stopped listening on port 54334
Dynamically enable window occlusion 1
