1741880413554	geckodriver	INFO	Listening on 127.0.0.1:65471
1741880416621	mozrunner::runner	INFO	Running command: "C:\\Program Files\\Mozilla Firefox\\firefox.exe" "--marionette" "--remote-debugging-port" "65472" "--remote-allow-hosts" "localhost" "-no-remote" "-profile" "C:\\Users\\marci\\AppData\\Local\\Temp\\rust_mozprofileXLWoch"
console.warn: services.settings: Ignoring preference override of remote settings server
console.warn: services.settings: Allow by setting MOZ_REMOTE_SETTINGS_DEVTOOLS=1 in the environment
Dynamically enable window occlusion 0
1741880416878	Marionette	INFO	Marionette enabled
1741880416979	Marionette	INFO	Listening on port 65492
WebDriver BiDi listening on ws://127.0.0.1:65472
Read port: 65492
1741880417117	RemoteAgent	WARN	TLS certificate errors will be ignored for this session
DevTools listening on ws://127.0.0.1:65472/devtools/browser/e64fc512-064e-4164-a809-59cd1bc3f993
JavaScript error: https://czarnijaslo.pl/wp-content/plugins/auto-refresh-post-page/public/js/auto-refresh-post-page-public.js?ver=1.0.0, line 1: TypeError: $ is not a function
JavaScript warning: https://www.google.com/js/th/xzvIUYBzdhZS925KvT8kuZv6GR6ELo6m3CWz4Qqns1M.js, line 7713: unreachable code after return statement
JavaScript warning: https://www.google.com/js/th/xzvIUYBzdhZS925KvT8kuZv6GR6ELo6m3CWz4Qqns1M.js, line 7713: unreachable code after return statement
JavaScript warning: https://www.google.com/js/th/xzvIUYBzdhZS925KvT8kuZv6GR6ELo6m3CWz4Qqns1M.js, line 7713: unreachable code after return statement
JavaScript warning: https://www.google.com/js/th/xzvIUYBzdhZS925KvT8kuZv6GR6ELo6m3CWz4Qqns1M.js, line 7713: unreachable code after return statement
JavaScript warning: https://www.google.com/js/th/xzvIUYBzdhZS925KvT8kuZv6GR6ELo6m3CWz4Qqns1M.js, line 7713: unreachable code after return statement
JavaScript warning: https://www.google.com/js/th/xzvIUYBzdhZS925KvT8kuZv6GR6ELo6m3CWz4Qqns1M.js, line 7713: unreachable code after return statement
JavaScript warning: https://www.google.com/js/th/xzvIUYBzdhZS925KvT8kuZv6GR6ELo6m3CWz4Qqns1M.js line 2 > eval, line 7713: unreachable code after return statement
JavaScript warning: https://www.google.com/js/th/xzvIUYBzdhZS925KvT8kuZv6GR6ELo6m3CWz4Qqns1M.js line 2 > eval, line 7713: unreachable code after return statement
JavaScript warning: https://www.google.com/js/th/xzvIUYBzdhZS925KvT8kuZv6GR6ELo6m3CWz4Qqns1M.js line 2 > eval, line 7713: unreachable code after return statement
JavaScript warning: https://www.google.com/js/th/xzvIUYBzdhZS925KvT8kuZv6GR6ELo6m3CWz4Qqns1M.js line 2 > eval, line 1: unreachable code after return statement
JavaScript warning: https://www.google.com/js/th/xzvIUYBzdhZS925KvT8kuZv6GR6ELo6m3CWz4Qqns1M.js line 2 > eval line 7713 > eval, line 1: unreachable code after return statement
JavaScript warning: https://www.google.com/js/th/xzvIUYBzdhZS925KvT8kuZv6GR6ELo6m3CWz4Qqns1M.js line 2 > eval, line 1: unreachable code after return statement
JavaScript warning: https://www.google.com/js/th/xzvIUYBzdhZS925KvT8kuZv6GR6ELo6m3CWz4Qqns1M.js line 2 > eval line 7713 > eval, line 1: unreachable code after return statement
JavaScript warning: https://www.google.com/js/th/xzvIUYBzdhZS925KvT8kuZv6GR6ELo6m3CWz4Qqns1M.js line 2 > eval, line 7713: unreachable code after return statement
JavaScript warning: https://www.google.com/js/th/xzvIUYBzdhZS925KvT8kuZv6GR6ELo6m3CWz4Qqns1M.js line 2 > eval, line 7713: unreachable code after return statement
JavaScript warning: https://www.google.com/js/th/xzvIUYBzdhZS925KvT8kuZv6GR6ELo6m3CWz4Qqns1M.js line 2 > eval, line 7713: unreachable code after return statement
JavaScript warning: https://www.google.com/js/th/xzvIUYBzdhZS925KvT8kuZv6GR6ELo6m3CWz4Qqns1M.js line 2 > eval line 7713 > eval line 1 > eval, line 1: unreachable code after return statement
JavaScript warning: https://www.google.com/js/th/xzvIUYBzdhZS925KvT8kuZv6GR6ELo6m3CWz4Qqns1M.js line 2 > eval line 7713 > eval line 1 > eval, line 1: unreachable code after return statement
JavaScript warning: https://www.google.com/js/th/xzvIUYBzdhZS925KvT8kuZv6GR6ELo6m3CWz4Qqns1M.js line 2 > eval line 7713 > eval line 1 > eval line 1 > eval, line 1: unreachable code after return statement
JavaScript warning: https://www.google.com/js/th/xzvIUYBzdhZS925KvT8kuZv6GR6ELo6m3CWz4Qqns1M.js line 2 > eval line 7713 > eval line 1 > eval line 1 > eval, line 1: unreachable code after return statement
JavaScript warning: https://www.youtube.com/embed/SjiyPaIeWyc?autoplay=0&mute=0&enablejsapi=1&origin=https%3A%2F%2Fczarnijaslo.pl&widgetid=1&forigin=https%3A%2F%2Fczarnijaslo.pl%2F&aoriginsup=0&vf=1 line 867 > injectedScript, line 1731: unreachable code after return statement
JavaScript warning: https://www.youtube.com/embed/SjiyPaIeWyc?autoplay=0&mute=0&enablejsapi=1&origin=https%3A%2F%2Fczarnijaslo.pl&widgetid=1&forigin=https%3A%2F%2Fczarnijaslo.pl%2F&aoriginsup=0&vf=1 line 867 > injectedScript, line 1731: unreachable code after return statement
JavaScript warning: https://www.youtube.com/embed/SjiyPaIeWyc?autoplay=0&mute=0&enablejsapi=1&origin=https%3A%2F%2Fczarnijaslo.pl&widgetid=1&forigin=https%3A%2F%2Fczarnijaslo.pl%2F&aoriginsup=0&vf=1 line 867 > injectedScript, line 1731: unreachable code after return statement
JavaScript warning: https://www.youtube.com/embed/SjiyPaIeWyc?autoplay=0&mute=0&enablejsapi=1&origin=https%3A%2F%2Fczarnijaslo.pl&widgetid=1&forigin=https%3A%2F%2Fczarnijaslo.pl%2F&aoriginsup=0&vf=1 line 867 > injectedScript, line 1731: unreachable code after return statement
JavaScript warning: https://www.youtube.com/embed/SjiyPaIeWyc?autoplay=0&mute=0&enablejsapi=1&origin=https%3A%2F%2Fczarnijaslo.pl&widgetid=1&forigin=https%3A%2F%2Fczarnijaslo.pl%2F&aoriginsup=0&vf=1 line 867 > injectedScript, line 1731: unreachable code after return statement
JavaScript warning: https://www.youtube.com/embed/SjiyPaIeWyc?autoplay=0&mute=0&enablejsapi=1&origin=https%3A%2F%2Fczarnijaslo.pl&widgetid=1&forigin=https%3A%2F%2Fczarnijaslo.pl%2F&aoriginsup=0&vf=1 line 867 > injectedScript, line 1731: unreachable code after return statement
JavaScript warning: https://www.youtube.com/embed/SjiyPaIeWyc?autoplay=0&mute=0&enablejsapi=1&origin=https%3A%2F%2Fczarnijaslo.pl&widgetid=1&forigin=https%3A%2F%2Fczarnijaslo.pl%2F&aoriginsup=0&vf=1 line 867 > injectedScript line 2 > eval, line 1731: unreachable code after return statement
JavaScript warning: https://www.youtube.com/embed/SjiyPaIeWyc?autoplay=0&mute=0&enablejsapi=1&origin=https%3A%2F%2Fczarnijaslo.pl&widgetid=1&forigin=https%3A%2F%2Fczarnijaslo.pl%2F&aoriginsup=0&vf=1 line 867 > injectedScript line 2 > eval, line 1731: unreachable code after return statement
JavaScript warning: https://www.youtube.com/embed/SjiyPaIeWyc?autoplay=0&mute=0&enablejsapi=1&origin=https%3A%2F%2Fczarnijaslo.pl&widgetid=1&forigin=https%3A%2F%2Fczarnijaslo.pl%2F&aoriginsup=0&vf=1 line 867 > injectedScript line 2 > eval, line 1731: unreachable code after return statement
JavaScript warning: https://www.youtube.com/embed/SjiyPaIeWyc?autoplay=0&mute=0&enablejsapi=1&origin=https%3A%2F%2Fczarnijaslo.pl&widgetid=1&forigin=https%3A%2F%2Fczarnijaslo.pl%2F&aoriginsup=0&vf=1 line 867 > injectedScript line 2 > eval, line 1: unreachable code after return statement
JavaScript warning: https://www.youtube.com/embed/SjiyPaIeWyc?autoplay=0&mute=0&enablejsapi=1&origin=https%3A%2F%2Fczarnijaslo.pl&widgetid=1&forigin=https%3A%2F%2Fczarnijaslo.pl%2F&aoriginsup=0&vf=1 line 867 > injectedScript line 2 > eval line 1731 > eval, line 1: unreachable code after return statement
JavaScript warning: https://www.youtube.com/embed/SjiyPaIeWyc?autoplay=0&mute=0&enablejsapi=1&origin=https%3A%2F%2Fczarnijaslo.pl&widgetid=1&forigin=https%3A%2F%2Fczarnijaslo.pl%2F&aoriginsup=0&vf=1 line 867 > injectedScript line 2 > eval, line 1: unreachable code after return statement
JavaScript warning: https://www.youtube.com/embed/SjiyPaIeWyc?autoplay=0&mute=0&enablejsapi=1&origin=https%3A%2F%2Fczarnijaslo.pl&widgetid=1&forigin=https%3A%2F%2Fczarnijaslo.pl%2F&aoriginsup=0&vf=1 line 867 > injectedScript line 2 > eval line 1731 > eval, line 1: unreachable code after return statement
JavaScript warning: https://www.youtube.com/embed/SjiyPaIeWyc?autoplay=0&mute=0&enablejsapi=1&origin=https%3A%2F%2Fczarnijaslo.pl&widgetid=1&forigin=https%3A%2F%2Fczarnijaslo.pl%2F&aoriginsup=0&vf=1 line 867 > injectedScript line 2 > eval, line 1731: unreachable code after return statement
JavaScript warning: https://www.youtube.com/embed/SjiyPaIeWyc?autoplay=0&mute=0&enablejsapi=1&origin=https%3A%2F%2Fczarnijaslo.pl&widgetid=1&forigin=https%3A%2F%2Fczarnijaslo.pl%2F&aoriginsup=0&vf=1 line 867 > injectedScript line 2 > eval, line 1731: unreachable code after return statement
JavaScript warning: https://www.youtube.com/embed/SjiyPaIeWyc?autoplay=0&mute=0&enablejsapi=1&origin=https%3A%2F%2Fczarnijaslo.pl&widgetid=1&forigin=https%3A%2F%2Fczarnijaslo.pl%2F&aoriginsup=0&vf=1 line 867 > injectedScript line 2 > eval, line 1731: unreachable code after return statement
JavaScript warning: https://www.youtube.com/embed/SjiyPaIeWyc?autoplay=0&mute=0&enablejsapi=1&origin=https%3A%2F%2Fczarnijaslo.pl&widgetid=1&forigin=https%3A%2F%2Fczarnijaslo.pl%2F&aoriginsup=0&vf=1 line 867 > injectedScript line 2 > eval line 1731 > eval line 1 > eval, line 1: unreachable code after return statement
JavaScript warning: https://www.youtube.com/embed/SjiyPaIeWyc?autoplay=0&mute=0&enablejsapi=1&origin=https%3A%2F%2Fczarnijaslo.pl&widgetid=1&forigin=https%3A%2F%2Fczarnijaslo.pl%2F&aoriginsup=0&vf=1 line 867 > injectedScript line 2 > eval line 1731 > eval line 1 > eval, line 1: unreachable code after return statement
JavaScript warning: https://www.youtube.com/embed/SjiyPaIeWyc?autoplay=0&mute=0&enablejsapi=1&origin=https%3A%2F%2Fczarnijaslo.pl&widgetid=1&forigin=https%3A%2F%2Fczarnijaslo.pl%2F&aoriginsup=0&vf=1 line 867 > injectedScript line 2 > eval line 1731 > eval line 1 > eval line 1 > eval, line 1: unreachable code after return statement
JavaScript warning: https://www.youtube.com/embed/SjiyPaIeWyc?autoplay=0&mute=0&enablejsapi=1&origin=https%3A%2F%2Fczarnijaslo.pl&widgetid=1&forigin=https%3A%2F%2Fczarnijaslo.pl%2F&aoriginsup=0&vf=1 line 867 > injectedScript line 2 > eval line 1731 > eval line 1 > eval line 1 > eval, line 1: unreachable code after return statement
JavaScript error: https://czarnijaslo.pl/wp-content/plugins/auto-refresh-post-page/public/js/auto-refresh-post-page-public.js?ver=1.0.0, line 1: TypeError: $ is not a function
JavaScript warning: https://www.youtube.com/s/player/74e4bb46/www-embed-player.vflset/www-embed-player.js, line 937: Script terminated by timeout at:
am/<@https://www.youtube.com/s/player/74e4bb46/www-embed-player.vflset/www-embed-player.js:937:47

JavaScript warning: https://www.googletagmanager.com/gtag/js?id=G-T5W3DZHDCS&l=dataLayer&cx=c&gtm=457e53c0za200&tag_exp=102482433~102587591~102640600~102717422~102788824~102791784~102814059~102825837, line 635: Script terminated by timeout at:
h.li@https://www.googletagmanager.com/gtag/js?id=G-T5W3DZHDCS&l=dataLayer&cx=c&gtm=457e53c0za200&tag_exp=102482433~102587591~102640600~102717422~102788824~102791784~102814059~102825837:635:30
get@https://www.googletagmanager.com/gtag/js?id=G-T5W3DZHDCS&l=dataLayer&cx=c&gtm=457e53c0za200&tag_exp=102482433~102587591~102640600~102717422~102788824~102791784~102814059~102825837:633:119
stop@https://www.googletagmanager.com/gtag/js?id=G-T5W3DZHDCS&l=dataLayer&cx=c&gtm=457e53c0za200&tag_exp=102482433~102587591~102640600~102717422~102788824~102791784~102814059~102825837:633:87
h.Sl/c/<@https://www.googletagmanager.com/gtag/js?id=G-T5W3DZHDCS&l=dataLayer&cx=c&gtm=457e53c0za200&tag_exp=102482433~102587591~102640600~102717422~102788824~102791784~102814059~102825837:633:410

1741880427830	Marionette	INFO	Stopped listening on port 65492
Dynamically enable window occlusion 1
