1741877073790	geckodriver	INFO	Listening on 127.0.0.1:62146
1741877076866	mozrunner::runner	INFO	Running command: "C:\\Program Files\\Mozilla Firefox\\firefox.exe" "--marionette" "--remote-debugging-port" "62147" "--remote-allow-hosts" "localhost" "-no-remote" "-profile" "C:\\Users\\marci\\AppData\\Local\\Temp\\rust_mozprofilebgX7bH"
console.warn: services.settings: Ignoring preference override of remote settings server
console.warn: services.settings: Allow by setting MOZ_REMOTE_SETTINGS_DEVTOOLS=1 in the environment
Dynamically enable window occlusion 0
1741877077135	Marionette	INFO	Marionette enabled
1741877077237	Marionette	INFO	Listening on port 62166
WebDriver BiDi listening on ws://127.0.0.1:62147
Read port: 62166
1741877077367	RemoteAgent	WARN	TLS certificate errors will be ignored for this session
DevTools listening on ws://127.0.0.1:62147/devtools/browser/324cc295-298b-42ab-b256-b822065c5f2b
JavaScript error: https://czarnijaslo.pl/wp-content/plugins/auto-refresh-post-page/public/js/auto-refresh-post-page-public.js?ver=1.0.0, line 1: TypeError: $ is not a function
JavaScript warning: https://www.google.com/js/th/xzvIUYBzdhZS925KvT8kuZv6GR6ELo6m3CWz4Qqns1M.js, line 4326: unreachable code after return statement
JavaScript warning: https://www.google.com/js/th/xzvIUYBzdhZS925KvT8kuZv6GR6ELo6m3CWz4Qqns1M.js, line 4326: unreachable code after return statement
JavaScript warning: https://www.google.com/js/th/xzvIUYBzdhZS925KvT8kuZv6GR6ELo6m3CWz4Qqns1M.js, line 4326: unreachable code after return statement
JavaScript warning: https://www.google.com/js/th/xzvIUYBzdhZS925KvT8kuZv6GR6ELo6m3CWz4Qqns1M.js, line 4326: unreachable code after return statement
JavaScript warning: https://www.google.com/js/th/xzvIUYBzdhZS925KvT8kuZv6GR6ELo6m3CWz4Qqns1M.js, line 4326: unreachable code after return statement
JavaScript warning: https://www.google.com/js/th/xzvIUYBzdhZS925KvT8kuZv6GR6ELo6m3CWz4Qqns1M.js, line 4326: unreachable code after return statement
JavaScript warning: https://www.google.com/js/th/xzvIUYBzdhZS925KvT8kuZv6GR6ELo6m3CWz4Qqns1M.js line 2 > eval, line 4326: unreachable code after return statement
JavaScript warning: https://www.google.com/js/th/xzvIUYBzdhZS925KvT8kuZv6GR6ELo6m3CWz4Qqns1M.js line 2 > eval, line 4326: unreachable code after return statement
JavaScript warning: https://www.google.com/js/th/xzvIUYBzdhZS925KvT8kuZv6GR6ELo6m3CWz4Qqns1M.js line 2 > eval, line 4326: unreachable code after return statement
JavaScript warning: https://www.google.com/js/th/xzvIUYBzdhZS925KvT8kuZv6GR6ELo6m3CWz4Qqns1M.js line 2 > eval, line 1: unreachable code after return statement
JavaScript warning: https://www.google.com/js/th/xzvIUYBzdhZS925KvT8kuZv6GR6ELo6m3CWz4Qqns1M.js line 2 > eval line 4326 > eval, line 1: unreachable code after return statement
JavaScript warning: https://www.google.com/js/th/xzvIUYBzdhZS925KvT8kuZv6GR6ELo6m3CWz4Qqns1M.js line 2 > eval, line 1: unreachable code after return statement
JavaScript warning: https://www.google.com/js/th/xzvIUYBzdhZS925KvT8kuZv6GR6ELo6m3CWz4Qqns1M.js line 2 > eval line 4326 > eval, line 1: unreachable code after return statement
JavaScript warning: https://www.google.com/js/th/xzvIUYBzdhZS925KvT8kuZv6GR6ELo6m3CWz4Qqns1M.js line 2 > eval, line 4326: unreachable code after return statement
JavaScript warning: https://www.google.com/js/th/xzvIUYBzdhZS925KvT8kuZv6GR6ELo6m3CWz4Qqns1M.js line 2 > eval, line 4326: unreachable code after return statement
JavaScript warning: https://www.google.com/js/th/xzvIUYBzdhZS925KvT8kuZv6GR6ELo6m3CWz4Qqns1M.js line 2 > eval, line 4326: unreachable code after return statement
JavaScript warning: https://www.google.com/js/th/xzvIUYBzdhZS925KvT8kuZv6GR6ELo6m3CWz4Qqns1M.js line 2 > eval line 4326 > eval line 1 > eval, line 1: unreachable code after return statement
JavaScript warning: https://www.google.com/js/th/xzvIUYBzdhZS925KvT8kuZv6GR6ELo6m3CWz4Qqns1M.js line 2 > eval line 4326 > eval line 1 > eval, line 1: unreachable code after return statement
JavaScript warning: https://www.google.com/js/th/xzvIUYBzdhZS925KvT8kuZv6GR6ELo6m3CWz4Qqns1M.js line 2 > eval line 4326 > eval line 1 > eval line 1 > eval, line 1: unreachable code after return statement
JavaScript warning: https://www.google.com/js/th/xzvIUYBzdhZS925KvT8kuZv6GR6ELo6m3CWz4Qqns1M.js line 2 > eval line 4326 > eval line 1 > eval line 1 > eval, line 1: unreachable code after return statement
JavaScript warning: https://www.youtube.com/embed/SjiyPaIeWyc?autoplay=0&mute=0&enablejsapi=1&origin=https%3A%2F%2Fczarnijaslo.pl&widgetid=1&forigin=https%3A%2F%2Fczarnijaslo.pl%2F&aoriginsup=0&vf=1 line 867 > injectedScript, line 5725: unreachable code after return statement
JavaScript warning: https://www.youtube.com/embed/SjiyPaIeWyc?autoplay=0&mute=0&enablejsapi=1&origin=https%3A%2F%2Fczarnijaslo.pl&widgetid=1&forigin=https%3A%2F%2Fczarnijaslo.pl%2F&aoriginsup=0&vf=1 line 867 > injectedScript, line 5725: unreachable code after return statement
JavaScript warning: https://www.youtube.com/embed/SjiyPaIeWyc?autoplay=0&mute=0&enablejsapi=1&origin=https%3A%2F%2Fczarnijaslo.pl&widgetid=1&forigin=https%3A%2F%2Fczarnijaslo.pl%2F&aoriginsup=0&vf=1 line 867 > injectedScript, line 5725: unreachable code after return statement
JavaScript warning: https://www.youtube.com/embed/SjiyPaIeWyc?autoplay=0&mute=0&enablejsapi=1&origin=https%3A%2F%2Fczarnijaslo.pl&widgetid=1&forigin=https%3A%2F%2Fczarnijaslo.pl%2F&aoriginsup=0&vf=1 line 867 > injectedScript, line 5725: unreachable code after return statement
JavaScript warning: https://www.youtube.com/embed/SjiyPaIeWyc?autoplay=0&mute=0&enablejsapi=1&origin=https%3A%2F%2Fczarnijaslo.pl&widgetid=1&forigin=https%3A%2F%2Fczarnijaslo.pl%2F&aoriginsup=0&vf=1 line 867 > injectedScript, line 5725: unreachable code after return statement
JavaScript warning: https://www.youtube.com/embed/SjiyPaIeWyc?autoplay=0&mute=0&enablejsapi=1&origin=https%3A%2F%2Fczarnijaslo.pl&widgetid=1&forigin=https%3A%2F%2Fczarnijaslo.pl%2F&aoriginsup=0&vf=1 line 867 > injectedScript, line 5725: unreachable code after return statement
JavaScript warning: https://www.youtube.com/embed/SjiyPaIeWyc?autoplay=0&mute=0&enablejsapi=1&origin=https%3A%2F%2Fczarnijaslo.pl&widgetid=1&forigin=https%3A%2F%2Fczarnijaslo.pl%2F&aoriginsup=0&vf=1 line 867 > injectedScript line 2 > eval, line 5725: unreachable code after return statement
JavaScript warning: https://www.youtube.com/embed/SjiyPaIeWyc?autoplay=0&mute=0&enablejsapi=1&origin=https%3A%2F%2Fczarnijaslo.pl&widgetid=1&forigin=https%3A%2F%2Fczarnijaslo.pl%2F&aoriginsup=0&vf=1 line 867 > injectedScript line 2 > eval, line 5725: unreachable code after return statement
JavaScript warning: https://www.youtube.com/embed/SjiyPaIeWyc?autoplay=0&mute=0&enablejsapi=1&origin=https%3A%2F%2Fczarnijaslo.pl&widgetid=1&forigin=https%3A%2F%2Fczarnijaslo.pl%2F&aoriginsup=0&vf=1 line 867 > injectedScript line 2 > eval, line 5725: unreachable code after return statement
JavaScript warning: https://www.youtube.com/embed/SjiyPaIeWyc?autoplay=0&mute=0&enablejsapi=1&origin=https%3A%2F%2Fczarnijaslo.pl&widgetid=1&forigin=https%3A%2F%2Fczarnijaslo.pl%2F&aoriginsup=0&vf=1 line 867 > injectedScript line 2 > eval, line 1: unreachable code after return statement
JavaScript warning: https://www.youtube.com/embed/SjiyPaIeWyc?autoplay=0&mute=0&enablejsapi=1&origin=https%3A%2F%2Fczarnijaslo.pl&widgetid=1&forigin=https%3A%2F%2Fczarnijaslo.pl%2F&aoriginsup=0&vf=1 line 867 > injectedScript line 2 > eval line 5725 > eval, line 1: unreachable code after return statement
JavaScript warning: https://www.youtube.com/embed/SjiyPaIeWyc?autoplay=0&mute=0&enablejsapi=1&origin=https%3A%2F%2Fczarnijaslo.pl&widgetid=1&forigin=https%3A%2F%2Fczarnijaslo.pl%2F&aoriginsup=0&vf=1 line 867 > injectedScript line 2 > eval, line 1: unreachable code after return statement
JavaScript warning: https://www.youtube.com/embed/SjiyPaIeWyc?autoplay=0&mute=0&enablejsapi=1&origin=https%3A%2F%2Fczarnijaslo.pl&widgetid=1&forigin=https%3A%2F%2Fczarnijaslo.pl%2F&aoriginsup=0&vf=1 line 867 > injectedScript line 2 > eval line 5725 > eval, line 1: unreachable code after return statement
JavaScript warning: https://www.youtube.com/embed/SjiyPaIeWyc?autoplay=0&mute=0&enablejsapi=1&origin=https%3A%2F%2Fczarnijaslo.pl&widgetid=1&forigin=https%3A%2F%2Fczarnijaslo.pl%2F&aoriginsup=0&vf=1 line 867 > injectedScript line 2 > eval, line 5725: unreachable code after return statement
JavaScript warning: https://www.youtube.com/embed/SjiyPaIeWyc?autoplay=0&mute=0&enablejsapi=1&origin=https%3A%2F%2Fczarnijaslo.pl&widgetid=1&forigin=https%3A%2F%2Fczarnijaslo.pl%2F&aoriginsup=0&vf=1 line 867 > injectedScript line 2 > eval, line 5725: unreachable code after return statement
JavaScript warning: https://www.youtube.com/embed/SjiyPaIeWyc?autoplay=0&mute=0&enablejsapi=1&origin=https%3A%2F%2Fczarnijaslo.pl&widgetid=1&forigin=https%3A%2F%2Fczarnijaslo.pl%2F&aoriginsup=0&vf=1 line 867 > injectedScript line 2 > eval, line 5725: unreachable code after return statement
JavaScript warning: https://www.youtube.com/embed/SjiyPaIeWyc?autoplay=0&mute=0&enablejsapi=1&origin=https%3A%2F%2Fczarnijaslo.pl&widgetid=1&forigin=https%3A%2F%2Fczarnijaslo.pl%2F&aoriginsup=0&vf=1 line 867 > injectedScript line 2 > eval line 5725 > eval line 1 > eval, line 1: unreachable code after return statement
JavaScript warning: https://www.youtube.com/embed/SjiyPaIeWyc?autoplay=0&mute=0&enablejsapi=1&origin=https%3A%2F%2Fczarnijaslo.pl&widgetid=1&forigin=https%3A%2F%2Fczarnijaslo.pl%2F&aoriginsup=0&vf=1 line 867 > injectedScript line 2 > eval line 5725 > eval line 1 > eval, line 1: unreachable code after return statement
JavaScript warning: https://www.youtube.com/embed/SjiyPaIeWyc?autoplay=0&mute=0&enablejsapi=1&origin=https%3A%2F%2Fczarnijaslo.pl&widgetid=1&forigin=https%3A%2F%2Fczarnijaslo.pl%2F&aoriginsup=0&vf=1 line 867 > injectedScript line 2 > eval line 5725 > eval line 1 > eval line 1 > eval, line 1: unreachable code after return statement
JavaScript warning: https://www.youtube.com/embed/SjiyPaIeWyc?autoplay=0&mute=0&enablejsapi=1&origin=https%3A%2F%2Fczarnijaslo.pl&widgetid=1&forigin=https%3A%2F%2Fczarnijaslo.pl%2F&aoriginsup=0&vf=1 line 867 > injectedScript line 2 > eval line 5725 > eval line 1 > eval line 1 > eval, line 1: unreachable code after return statement
JavaScript warning: https://www.googletagmanager.com/gtag/js?id=G-T5W3DZHDCS&l=dataLayer&cx=c&gtm=457e53c0za200&tag_exp=102482433~102587591~102640600~102717422~102788824~102791784~102814060~102825837, line 633: Script terminated by timeout at:
h.li@https://www.googletagmanager.com/gtag/js?id=G-T5W3DZHDCS&l=dataLayer&cx=c&gtm=457e53c0za200&tag_exp=102482433~102587591~102640600~102717422~102788824~102791784~102814060~102825837:633:509
get@https://www.googletagmanager.com/gtag/js?id=G-T5W3DZHDCS&l=dataLayer&cx=c&gtm=457e53c0za200&tag_exp=102482433~102587591~102640600~102717422~102788824~102791784~102814060~102825837:632:119
stop@https://www.googletagmanager.com/gtag/js?id=G-T5W3DZHDCS&l=dataLayer&cx=c&gtm=457e53c0za200&tag_exp=102482433~102587591~102640600~102717422~102788824~102791784~102814060~102825837:632:87
h.Sl/c/<@https://www.googletagmanager.com/gtag/js?id=G-T5W3DZHDCS&l=dataLayer&cx=c&gtm=457e53c0za200&tag_exp=102482433~102587591~102640600~102717422~102788824~102791784~102814060~102825837:632:410

1741877085866	Marionette	INFO	Stopped listening on port 62166
Dynamically enable window occlusion 1
JavaScript warning: https://www.google.com/js/th/xzvIUYBzdhZS925KvT8kuZv6GR6ELo6m3CWz4Qqns1M.js line 2 > eval line 4326 > eval line 1 > eval line 1 > eval, line 1: WEBGL_debug_renderer_info is deprecated in Firefox and will be removed. Please use RENDERER.
